# JRE version: OpenJDK Runtime Environment Microsoft-11369865 (17.0.15+6) (build 17.0.15+6-LTS)
# Java VM: OpenJDK 64-Bit Server VM Microsoft-11369865 (17.0.15+6-LTS, mixed mode, sharing, tiered, compressed oops, compressed class ptrs, g1 gc, windows-amd64)
GC Precious Log:
 CPUs: 12 total, 12 available
 Memory: 16235M
 Large Page Support: Disabled
 NUMA Support: Disabled
 Compressed Oops: Enabled (Zero based)
 Heap Region Size: 2M
 Heap Min Capacity: 8M
 Heap Initial Capacity: 254M
 Heap Max Capacity: 4060M
 Pre-touch: Disabled
 Parallel Workers: 10
 Concurrent Workers: 3
 Concurrent Refinement Workers: 10
 Periodic GC: Disabled
Heap:
 garbage-first heap   total 116736K, used 50617K [0x0000000702400000, 0x0000000800000000)
  region size 2048K, 2 young (4096K), 1 survivors (2048K)
 Metaspace       used 33921K, committed 34368K, reserved 1114112K
  class space    used 3776K, committed 3968K, reserved 1048576K
GC Heap History (20 events):
Event: 5.090 GC heap before
{Heap before GC invocations=6 (full 0):
 garbage-first heap   total 96256K, used 37384K [0x0000000702400000, 0x0000000800000000)
  region size 2048K, 5 young (10240K), 4 survivors (8192K)
 Metaspace       used 26963K, committed 27264K, reserved 1114112K
  class space    used 3057K, committed 3200K, reserved 1048576K
}
Event: 5.095 GC heap after
{Heap after GC invocations=7 (full 0):
 garbage-first heap   total 96256K, used 39376K [0x0000000702400000, 0x0000000800000000)
  region size 2048K, 1 young (2048K), 1 survivors (2048K)
 Metaspace       used 26963K, committed 27264K, reserved 1114112K
  class space    used 3057K, committed 3200K, reserved 1048576K
}
Event: 5.869 GC heap before
{Heap before GC invocations=7 (full 0):
 garbage-first heap   total 96256K, used 68048K [0x0000000702400000, 0x0000000800000000)
  region size 2048K, 16 young (32768K), 1 survivors (2048K)
 Metaspace       used 28254K, committed 28544K, reserved 1114112K
  class space    used 3209K, committed 3328K, reserved 1048576K
}
Event: 5.871 GC heap after
{Heap after GC invocations=8 (full 0):
 garbage-first heap   total 96256K, used 38964K [0x0000000702400000, 0x0000000800000000)
  region size 2048K, 1 young (2048K), 1 survivors (2048K)
 Metaspace       used 28254K, committed 28544K, reserved 1114112K
  class space    used 3209K, committed 3328K, reserved 1048576K
}
Event: 6.195 GC heap before
{Heap before GC invocations=8 (full 0):
 garbage-first heap   total 96256K, used 71732K [0x0000000702400000, 0x0000000800000000)
  region size 2048K, 17 young (34816K), 1 survivors (2048K)
 Metaspace       used 28893K, committed 29248K, reserved 1114112K
  class space    used 3272K, committed 3456K, reserved 1048576K
}
Event: 6.200 GC heap after
{Heap after GC invocations=9 (full 0):
 garbage-first heap   total 96256K, used 40410K [0x0000000702400000, 0x0000000800000000)
  region size 2048K, 2 young (4096K), 2 survivors (4096K)
 Metaspace       used 28893K, committed 29248K, reserved 1114112K
  class space    used 3272K, committed 3456K, reserved 1048576K
}
Event: 6.374 GC heap before
{Heap before GC invocations=9 (full 0):
 garbage-first heap   total 96256K, used 73178K [0x0000000702400000, 0x0000000800000000)
  region size 2048K, 18 young (36864K), 2 survivors (4096K)
 Metaspace       used 29112K, committed 29440K, reserved 1114112K
  class space    used 3275K, committed 3456K, reserved 1048576K
}
Event: 6.379 GC heap after
{Heap after GC invocations=10 (full 0):
 garbage-first heap   total 96256K, used 41172K [0x0000000702400000, 0x0000000800000000)
  region size 2048K, 2 young (4096K), 2 survivors (4096K)
 Metaspace       used 29112K, committed 29440K, reserved 1114112K
  class space    used 3275K, committed 3456K, reserved 1048576K
}
Event: 6.815 GC heap before
{Heap before GC invocations=10 (full 0):
 garbage-first heap   total 96256K, used 73940K [0x0000000702400000, 0x0000000800000000)
  region size 2048K, 19 young (38912K), 2 survivors (4096K)
 Metaspace       used 30659K, committed 31040K, reserved 1114112K
  class space    used 3472K, committed 3648K, reserved 1048576K
}
Event: 6.822 GC heap after
{Heap after GC invocations=11 (full 0):
 garbage-first heap   total 96256K, used 42540K [0x0000000702400000, 0x0000000800000000)
  region size 2048K, 3 young (6144K), 3 survivors (6144K)
 Metaspace       used 30659K, committed 31040K, reserved 1114112K
  class space    used 3472K, committed 3648K, reserved 1048576K
}
Event: 7.857 GC heap before
{Heap before GC invocations=11 (full 0):
 garbage-first heap   total 96256K, used 75308K [0x0000000702400000, 0x0000000800000000)
  region size 2048K, 19 young (38912K), 3 survivors (6144K)
 Metaspace       used 31130K, committed 31488K, reserved 1114112K
  class space    used 3479K, committed 3648K, reserved 1048576K
}
Event: 7.870 GC heap after
{Heap after GC invocations=12 (full 0):
 garbage-first heap   total 116736K, used 51718K [0x0000000702400000, 0x0000000800000000)
  region size 2048K, 3 young (6144K), 3 survivors (6144K)
 Metaspace       used 31130K, committed 31488K, reserved 1114112K
  class space    used 3479K, committed 3648K, reserved 1048576K
}
Event: 8.892 GC heap before
{Heap before GC invocations=12 (full 0):
 garbage-first heap   total 116736K, used 86534K [0x0000000702400000, 0x0000000800000000)
  region size 2048K, 21 young (43008K), 3 survivors (6144K)
 Metaspace       used 31683K, committed 32064K, reserved 1114112K
  class space    used 3549K, committed 3712K, reserved 1048576K
}
Event: 8.904 GC heap after
{Heap after GC invocations=13 (full 0):
 garbage-first heap   total 116736K, used 60221K [0x0000000702400000, 0x0000000800000000)
  region size 2048K, 3 young (6144K), 3 survivors (6144K)
 Metaspace       used 31683K, committed 32064K, reserved 1114112K
  class space    used 3549K, committed 3712K, reserved 1048576K
}
Event: 9.741 GC heap before
{Heap before GC invocations=13 (full 0):
 garbage-first heap   total 116736K, used 86845K [0x0000000702400000, 0x0000000800000000)
  region size 2048K, 16 young (32768K), 3 survivors (6144K)
 Metaspace       used 32663K, committed 33088K, reserved 1114112K
  class space    used 3655K, committed 3840K, reserved 1048576K
}
Event: 9.748 GC heap after
{Heap after GC invocations=14 (full 0):
 garbage-first heap   total 116736K, used 60311K [0x0000000702400000, 0x0000000800000000)
  region size 2048K, 1 young (2048K), 1 survivors (2048K)
 Metaspace       used 32663K, committed 33088K, reserved 1114112K
  class space    used 3655K, committed 3840K, reserved 1048576K
}
Event: 10.342 GC heap before
{Heap before GC invocations=15 (full 0):
 garbage-first heap   total 116736K, used 88983K [0x0000000702400000, 0x0000000800000000)
  region size 2048K, 15 young (30720K), 1 survivors (2048K)
 Metaspace       used 33429K, committed 33792K, reserved 1114112K
  class space    used 3712K, committed 3904K, reserved 1048576K
}
Event: 10.348 GC heap after
{Heap after GC invocations=16 (full 0):
 garbage-first heap   total 116736K, used 61763K [0x0000000702400000, 0x0000000800000000)
  region size 2048K, 2 young (4096K), 2 survivors (4096K)
 Metaspace       used 33429K, committed 33792K, reserved 1114112K
  class space    used 3712K, committed 3904K, reserved 1048576K
}
Event: 10.419 GC heap before
{Heap before GC invocations=16 (full 0):
 garbage-first heap   total 116736K, used 63811K [0x0000000702400000, 0x0000000800000000)
  region size 2048K, 3 young (6144K), 2 survivors (4096K)
 Metaspace       used 33872K, committed 34304K, reserved 1114112K
  class space    used 3763K, committed 3968K, reserved 1048576K
}
Event: 10.425 GC heap after
{Heap after GC invocations=17 (full 0):
 garbage-first heap   total 116736K, used 50617K [0x0000000702400000, 0x0000000800000000)
  region size 2048K, 1 young (2048K), 1 survivors (2048K)
 Metaspace       used 33872K, committed 34304K, reserved 1114112K
  class space    used 3763K, committed 3968K, reserved 1048576K
}

