<?xml version="1.0" encoding="UTF-8"?>
<testsuite xmlns:xsi="http://www.w3.org/2001/XMLSchema-instance" xsi:noNamespaceSchemaLocation="https://maven.apache.org/surefire/maven-surefire-plugin/xsd/surefire-test-report.xsd" version="3.0.2" name="com.yusheng.OldersInformationManagementSystemApplicationTests" time="4.668" tests="1" errors="0" skipped="0" failures="0">
  <properties>
[...]
</properties>
  <testcase name="contextLoads" classname="com.yusheng.OldersInformationManagementSystemApplicationTests" time="1.189">
    <system-out><![CDATA[19:14:29.974 [main] INFO org.springframework.test.context.support.AnnotationConfigContextLoaderUtils -- Could not detect default configuration classes for test class [com.yusheng.OldersInformationManagementSystemApplicationTests]: OldersInformationManagementSystemApplicationTests does not declare any static, non-private, non-final, nested classes annotated with @Configuration.
19:14:30.120 [main] INFO org.springframework.boot.test.context.SpringBootTestContextBootstrapper -- Found @SpringBootConfiguration com.yusheng.OldersInformationManagementSystemApplication for test class com.yusheng.OldersInformationManagementSystemApplicationTests

  .   ____          _            __ _ _
 /\\ / ___'_ __ _ _(_)_ __  __ _ \ \ \ \
( ( )\___ | '_ | '_| | '_ \/ _` | \ \ \ \
 \\/  ___)| |_)| | | | | || (_| |  ) ) ) )
  '  |____| .__|_| |_|_| |_\__, | / / / /
 =========|_|==============|___/=/_/_/_/

 :: Spring Boot ::                (v3.4.7)

2025-06-27T19:14:30.728+08:00  INFO 24408 --- [olders-information-management-system] [           main] ormationManagementSystemApplicationTests : Starting OldersInformationManagementSystemApplicationTests using Java 17.0.15 with PID 24408 (started by 123 in C:\Users\123\Desktop\课程设计资料（给学生）\课程设计\software-testing-backend\olders-information-management-system)
2025-06-27T19:14:30.729+08:00  INFO 24408 --- [olders-information-management-system] [           main] ormationManagementSystemApplicationTests : No active profile set, falling back to 1 default profile: "default"
Logging initialized using 'class org.apache.ibatis.logging.stdout.StdOutImpl' adapter.
2025-06-27T19:14:32.456+08:00  WARN 24408 --- [olders-information-management-system] [           main] .s.s.UserDetailsServiceAutoConfiguration : 

Using generated security password: fe370e14-065a-4fc3-b91d-24cd1282f3dc

This generated password is for development use only. Your security configuration must be updated before running your application in production.

2025-06-27T19:14:32.477+08:00  INFO 24408 --- [olders-information-management-system] [           main] r$InitializeUserDetailsManagerConfigurer : Global AuthenticationManager configured with UserDetailsService bean with name inMemoryUserDetailsManager
2025-06-27T19:14:33.251+08:00  INFO 24408 --- [olders-information-management-system] [           main] ormationManagementSystemApplicationTests : Started OldersInformationManagementSystemApplicationTests in 2.947 seconds (process running for 4.609)
Basic context loaded successfully without Security and Redis!
]]></system-out>
  </testcase>
</testsuite>