<?xml version="1.0" encoding="UTF-8"?>
<testsuite xmlns:xsi="http://www.w3.org/2001/XMLSchema-instance" xsi:noNamespaceSchemaLocation="https://maven.apache.org/surefire/maven-surefire-plugin/xsd/surefire-test-report.xsd" version="3.0.2" name="com.yusheng.OldersInformationManagementSystemApplicationTests" time="4.36" tests="1" errors="0" skipped="0" failures="0">
  <properties>
[...]
</properties>
  <testcase name="contextLoads" classname="com.yusheng.OldersInformationManagementSystemApplicationTests" time="1.124">
    <system-out><![CDATA[22:44:52.051 [main] INFO org.springframework.test.context.support.AnnotationConfigContextLoaderUtils -- Could not detect default configuration classes for test class [com.yusheng.OldersInformationManagementSystemApplicationTests]: OldersInformationManagementSystemApplicationTests does not declare any static, non-private, non-final, nested classes annotated with @Configuration.
22:44:52.167 [main] INFO org.springframework.boot.test.context.SpringBootTestContextBootstrapper -- Found @SpringBootConfiguration com.yusheng.OldersInformationManagementSystemApplication for test class com.yusheng.OldersInformationManagementSystemApplicationTests

  .   ____          _            __ _ _
 /\\ / ___'_ __ _ _(_)_ __  __ _ \ \ \ \
( ( )\___ | '_ | '_| | '_ \/ _` | \ \ \ \
 \\/  ___)| |_)| | | | | || (_| |  ) ) ) )
  '  |____| .__|_| |_|_| |_\__, | / / / /
 =========|_|==============|___/=/_/_/_/

 :: Spring Boot ::                (v3.4.7)

2025-06-25T22:44:52.628+08:00  INFO 32204 --- [olders-information-management-system] [           main] ormationManagementSystemApplicationTests : Starting OldersInformationManagementSystemApplicationTests using Java 17.0.1 with PID 32204 (started by 28254 in D:\code\software-testing-project\olders-information-management-system)
2025-06-25T22:44:52.630+08:00  INFO 32204 --- [olders-information-management-system] [           main] ormationManagementSystemApplicationTests : No active profile set, falling back to 1 default profile: "default"
Logging initialized using 'class org.apache.ibatis.logging.stdout.StdOutImpl' adapter.
2025-06-25T22:44:55.095+08:00  INFO 32204 --- [olders-information-management-system] [           main] ormationManagementSystemApplicationTests : Started OldersInformationManagementSystemApplicationTests in 2.783 seconds (process running for 4.209)
]]></system-out>
  </testcase>
</testsuite>